<?xml version="1.0" encoding="UTF-8"?>
<!-- Generated by org.testng.reporters.JUnitReportReporter -->
<testsuite hostname="Lenovo" failures="0" tests="1" name="com.ibm.banking.basics.FbLogin" time="0.309" errors="0" timestamp="2020-07-17T01:39:06 GMT-08:00" skipped="0">
  <testcase classname="com.ibm.banking.basics.FbLogin" name="verifyUrl" time="0.309"/>
  <system-out/>
</testsuite> <!-- com.ibm.banking.basics.FbLogin -->
